2024-02-22 11:02:19.475 +05:30  INF  getting user data
2024-02-22 11:02:23.629 +05:30  INF  getting user data
2024-02-22 11:02:28.299 +05:30  INF  getting user data
2024-02-22 11:02:36.633 +05:30  INF  getting user data
2024-02-22 11:02:37.975 +05:30  INF  getting user data
2024-02-22 11:02:39.463 +05:30  INF  getting user data
2024-02-22 11:03:21.291 +05:30  INF  getting user data
2024-02-22 11:03:26.637 +05:30  INF  getting user data
2024-02-22 11:03:30.090 +05:30  INF  getting user data
2024-02-22 12:24:37.382 +05:30  INF  getting user data
2024-02-22 12:26:22.295 +05:30  INF  getting user data
2024-02-22 12:26:35.347 +05:30  INF  getting user data
2024-02-22 12:28:56.254 +05:30  INF  getting user data
2024-02-22 12:29:17.450 +05:30  INF  getting user data
2024-02-22 12:29:24.357 +05:30  INF  getting user data
2024-02-22 12:30:37.502 +05:30  INF  getting user data
2024-02-22 12:30:39.346 +05:30  INF  getting user data
2024-02-22 12:30:54.309 +05:30  INF  getting user data
2024-02-22 12:34:26.379 +05:30  INF  getting user data
2024-02-22 12:34:29.658 +05:30  INF  getting user data
2024-02-22 12:34:30.355 +05:30  INF  getting user data
2024-02-22 12:34:30.735 +05:30  INF  getting user data
2024-02-22 12:34:31.030 +05:30  INF  getting user data
2024-02-22 12:34:31.326 +05:30  INF  getting user data
2024-02-22 12:34:31.614 +05:30  INF  getting user data
2024-02-22 12:34:35.951 +05:30  INF  getting user data
2024-02-22 12:34:39.097 +05:30  INF  getting user data
2024-02-22 12:45:15.321 +05:30  INF  getting user data
2024-02-22 12:45:17.351 +05:30  INF  getting user data
2024-02-22 12:50:32.774 +05:30  INF  getting user data
2024-02-22 12:52:24.050 +05:30  INF  getting user data
2024-02-22 12:52:30.479 +05:30  INF  getting user data
2024-02-22 12:53:57.175 +05:30  INF  getting user data
2024-02-22 12:58:18.496 +05:30  INF  getting user data
2024-02-22 12:59:26.173 +05:30  INF  getting user data
2024-02-22 12:59:37.156 +05:30  INF  getting user data
2024-02-22 13:00:23.622 +05:30  INF  getting user data
2024-02-22 13:02:41.801 +05:30  INF  getting user data
2024-02-22 13:03:12.559 +05:30  INF  getting user data
2024-02-22 13:03:29.321 +05:30  INF  getting user data
2024-02-22 13:04:13.934 +05:30  INF  getting user data
2024-02-22 13:06:47.469 +05:30  INF  getting user data
2024-02-22 13:06:51.873 +05:30  INF  getting user data
2024-02-22 13:07:06.754 +05:30  INF  getting user data
2024-02-22 14:06:16.495 +05:30  INF  getting user data
2024-02-22 14:07:10.072 +05:30  INF  getting user data
2024-02-22 14:07:21.529 +05:30  INF  getting user data
2024-02-22 14:07:43.909 +05:30  INF  getting user data
2024-02-22 14:15:00.289 +05:30  INF  getting user data
2024-02-22 14:15:18.433 +05:30  INF  getting user data
2024-02-22 14:18:33.797 +05:30  INF  getting user data
2024-02-22 14:20:15.739 +05:30  INF  getting user data
2024-02-22 14:20:31.810 +05:30  INF  getting user data
2024-02-22 14:20:43.226 +05:30  INF  getting user data
2024-02-22 14:20:46.942 +05:30  INF  getting user data
2024-02-22 14:21:07.985 +05:30  INF  getting user data
2024-02-22 14:21:24.904 +05:30  INF  getting user data
2024-02-22 14:21:31.608 +05:30  INF  getting user data
2024-02-22 14:22:22.150 +05:30  INF  getting user data
2024-02-22 14:22:32.192 +05:30  INF  getting user data
2024-02-22 14:22:44.798 +05:30  INF  getting user data
2024-02-22 14:23:43.467 +05:30  INF  getting user data
2024-02-22 14:24:24.993 +05:30  INF  getting user data
2024-02-22 14:24:27.127 +05:30  INF  getting user data
2024-02-22 14:24:28.781 +05:30  INF  getting user data
2024-02-22 14:24:30.599 +05:30  INF  getting user data
2024-02-22 14:24:37.969 +05:30  INF  getting user data
2024-02-22 14:24:49.955 +05:30  INF  getting user data
2024-02-22 14:25:02.494 +05:30  INF  getting user data
2024-02-22 14:25:08.399 +05:30  INF  getting user data
2024-02-22 14:25:30.656 +05:30  INF  getting user data
2024-02-22 14:25:42.633 +05:30  INF  getting user data
2024-02-22 14:26:31.178 +05:30  INF  getting user data
2024-02-22 14:26:39.590 +05:30  INF  getting user data
2024-02-22 14:27:30.570 +05:30  INF  getting user data
2024-02-22 14:27:38.492 +05:30  INF  getting user data
2024-02-22 14:27:43.678 +05:30  INF  getting user data
2024-02-22 14:29:10.836 +05:30  INF  getting user data
2024-02-22 14:29:43.402 +05:30  INF  getting user data
2024-02-22 14:29:48.033 +05:30  INF  getting user data
2024-02-22 14:29:53.984 +05:30  INF  getting user data
2024-02-22 14:29:56.296 +05:30  INF  getting user data
2024-02-22 14:30:22.366 +05:30  INF  getting user data
2024-02-22 14:35:04.931 +05:30  INF  getting user data
2024-02-22 14:36:23.803 +05:30  INF  getting user data
2024-02-22 14:36:42.087 +05:30  INF  getting user data
2024-02-22 14:36:54.053 +05:30  INF  getting user data
2024-02-22 14:47:42.069 +05:30  ERR  An unhandled exception has occurred while executing the request.Swashbuckle.AspNetCore.SwaggerGen.SwaggerGeneratorException: Ambiguous HTTP method for action - AngularApi.Controllers.UserLoginController.deleteEmployeeById (AngularApi). Actions require an explicit HttpMethod binding for Swagger/OpenAPI 3.0
   at Swashbuckle.AspNetCore.SwaggerGen.SwaggerGenerator.GenerateOperations(IEnumerable`1 apiDescriptions, SchemaRepository schemaRepository)
   at Swashbuckle.AspNetCore.SwaggerGen.SwaggerGenerator.GeneratePaths(IEnumerable`1 apiDescriptions, SchemaRepository schemaRepository)
   at Swashbuckle.AspNetCore.SwaggerGen.SwaggerGenerator.GetSwagger(String documentName, String host, String basePath)
   at Swashbuckle.AspNetCore.Swagger.SwaggerMiddleware.Invoke(HttpContext httpContext, ISwaggerProvider swaggerProvider)
   at Microsoft.AspNetCore.Diagnostics.DeveloperExceptionPageMiddleware.Invoke(HttpContext context)

2024-02-22 14:49:31.368 +05:30  INF  getting user data
2024-02-22 14:49:32.461 +05:30  ERR  An unhandled exception has occurred while executing the request.Swashbuckle.AspNetCore.SwaggerGen.SwaggerGeneratorException: Ambiguous HTTP method for action - AngularApi.Controllers.UserLoginController.deleteEmployeeById (AngularApi). Actions require an explicit HttpMethod binding for Swagger/OpenAPI 3.0
   at Swashbuckle.AspNetCore.SwaggerGen.SwaggerGenerator.GenerateOperations(IEnumerable`1 apiDescriptions, SchemaRepository schemaRepository)
   at Swashbuckle.AspNetCore.SwaggerGen.SwaggerGenerator.GeneratePaths(IEnumerable`1 apiDescriptions, SchemaRepository schemaRepository)
   at Swashbuckle.AspNetCore.SwaggerGen.SwaggerGenerator.GetSwagger(String documentName, String host, String basePath)
   at Swashbuckle.AspNetCore.Swagger.SwaggerMiddleware.Invoke(HttpContext httpContext, ISwaggerProvider swaggerProvider)
   at Microsoft.AspNetCore.Diagnostics.DeveloperExceptionPageMiddleware.Invoke(HttpContext context)

2024-02-22 14:50:11.112 +05:30  INF  getting user data
2024-02-22 14:50:14.194 +05:30  INF  getting user data
2024-02-22 14:54:33.885 +05:30  INF  getting user data
2024-02-22 15:04:29.401 +05:30  INF  getting user data
2024-02-22 15:06:04.816 +05:30  INF  getting user data
2024-02-22 15:21:07.055 +05:30  INF  getting user data
2024-02-22 15:21:08.544 +05:30  INF  getting user data
2024-02-22 15:21:09.394 +05:30  ERR  An unhandled exception has occurred while executing the request.System.InvalidOperationException: A second operation was started on this context instance before a previous operation completed. This is usually caused by different threads concurrently using the same instance of DbContext. For more information on how to avoid threading issues with DbContext, see https://go.microsoft.com/fwlink/?linkid=2097913.
   at Microsoft.EntityFrameworkCore.Infrastructure.Internal.ConcurrencyDetector.EnterCriticalSection()
   at Microsoft.EntityFrameworkCore.Query.Internal.SingleQueryingEnumerable`1.AsyncEnumerator.MoveNextAsync()
   at System.Text.Json.Serialization.Converters.IAsyncEnumerableOfTConverter`2.OnWriteResume(Utf8JsonWriter writer, TAsyncEnumerable value, JsonSerializerOptions options, WriteStack& state)
   at System.Text.Json.Serialization.JsonCollectionConverter`2.OnTryWrite(Utf8JsonWriter writer, TCollection value, JsonSerializerOptions options, WriteStack& state)
   at System.Text.Json.Serialization.Converters.IAsyncEnumerableOfTConverter`2.OnTryWrite(Utf8JsonWriter writer, TAsyncEnumerable value, JsonSerializerOptions options, WriteStack& state)
   at System.Text.Json.Serialization.JsonConverter`1.TryWrite(Utf8JsonWriter writer, T& value, JsonSerializerOptions options, WriteStack& state)
   at System.Text.Json.Serialization.JsonConverter`1.WriteCore(Utf8JsonWriter writer, T& value, JsonSerializerOptions options, WriteStack& state)
   at System.Text.Json.Serialization.JsonConverter`1.WriteCoreAsObject(Utf8JsonWriter writer, Object value, JsonSerializerOptions options, WriteStack& state)
   at System.Text.Json.JsonSerializer.WriteCore[TValue](JsonConverter jsonConverter, Utf8JsonWriter writer, TValue& value, JsonSerializerOptions options, WriteStack& state)
   at System.Text.Json.JsonSerializer.WriteStreamAsync[TValue](Stream utf8Json, TValue value, JsonTypeInfo jsonTypeInfo, CancellationToken cancellationToken)
   at System.Text.Json.JsonSerializer.WriteStreamAsync[TValue](Stream utf8Json, TValue value, JsonTypeInfo jsonTypeInfo, CancellationToken cancellationToken)
   at System.Text.Json.JsonSerializer.WriteStreamAsync[TValue](Stream utf8Json, TValue value, JsonTypeInfo jsonTypeInfo, CancellationToken cancellationToken)
   at Microsoft.AspNetCore.Mvc.Formatters.SystemTextJsonOutputFormatter.WriteResponseBodyAsync(OutputFormatterWriteContext context, Encoding selectedEncoding)
   at Microsoft.AspNetCore.Mvc.Infrastructure.ResourceInvoker.<InvokeNextResultFilterAsync>g__Awaited|30_0[TFilter,TFilterAsync](ResourceInvoker invoker, Task lastTask, State next, Scope scope, Object state, Boolean isCompleted)
   at Microsoft.AspNetCore.Mvc.Infrastructure.ResourceInvoker.Rethrow(ResultExecutedContextSealed context)
   at Microsoft.AspNetCore.Mvc.Infrastructure.ResourceInvoker.ResultNext[TFilter,TFilterAsync](State& next, Scope& scope, Object& state, Boolean& isCompleted)
   at Microsoft.AspNetCore.Mvc.Infrastructure.ResourceInvoker.InvokeResultFilters()
--- End of stack trace from previous location ---
   at Microsoft.AspNetCore.Mvc.Infrastructure.ResourceInvoker.<InvokeFilterPipelineAsync>g__Awaited|20_0(ResourceInvoker invoker, Task lastTask, State next, Scope scope, Object state, Boolean isCompleted)
   at Microsoft.AspNetCore.Mvc.Infrastructure.ResourceInvoker.<InvokeAsync>g__Awaited|17_0(ResourceInvoker invoker, Task task, IDisposable scope)
   at Microsoft.AspNetCore.Mvc.Infrastructure.ResourceInvoker.<InvokeAsync>g__Awaited|17_0(ResourceInvoker invoker, Task task, IDisposable scope)
   at Microsoft.AspNetCore.Routing.EndpointMiddleware.<Invoke>g__AwaitRequestTask|6_0(Endpoint endpoint, Task requestTask, ILogger logger)
   at Microsoft.AspNetCore.Authorization.AuthorizationMiddleware.Invoke(HttpContext context)
   at Swashbuckle.AspNetCore.SwaggerUI.SwaggerUIMiddleware.Invoke(HttpContext httpContext)
   at Swashbuckle.AspNetCore.Swagger.SwaggerMiddleware.Invoke(HttpContext httpContext, ISwaggerProvider swaggerProvider)
   at Microsoft.AspNetCore.Diagnostics.DeveloperExceptionPageMiddleware.Invoke(HttpContext context)

2024-02-22 15:21:33.594 +05:30  INF  getting user data
2024-02-22 15:21:45.805 +05:30  INF  getting user data
2024-02-22 15:21:51.811 +05:30  INF  getting user data
2024-02-22 15:23:38.396 +05:30  INF  getting user data
2024-02-22 15:24:55.508 +05:30  INF  getting user data
2024-02-22 15:24:55.822 +05:30  INF  getting user data
2024-02-22 15:26:13.605 +05:30  INF  getting user data
2024-02-22 15:27:41.758 +05:30  INF  getting user data
2024-02-22 15:30:12.826 +05:30  INF  getting user data
2024-02-22 15:30:28.072 +05:30  INF  getting user data
2024-02-22 15:30:47.949 +05:30  INF  getting user data
2024-02-22 15:32:46.969 +05:30  INF  getting user data
2024-02-22 15:32:55.005 +05:30  INF  getting user data
2024-02-22 15:39:15.695 +05:30  INF  getting user data
2024-02-22 15:41:19.783 +05:30  INF  getting user data
2024-02-22 15:42:02.440 +05:30  INF  getting user data
2024-02-22 15:44:03.991 +05:30  INF  getting user data
2024-02-22 15:44:04.039 +05:30  ERR  An unhandled exception has occurred while executing the request.System.InvalidOperationException: A second operation was started on this context instance before a previous operation completed. This is usually caused by different threads concurrently using the same instance of DbContext. For more information on how to avoid threading issues with DbContext, see https://go.microsoft.com/fwlink/?linkid=2097913.
   at Microsoft.EntityFrameworkCore.Infrastructure.Internal.ConcurrencyDetector.EnterCriticalSection()
   at Microsoft.EntityFrameworkCore.Query.Internal.SingleQueryingEnumerable`1.AsyncEnumerator.MoveNextAsync()
   at System.Text.Json.Serialization.Converters.IAsyncEnumerableOfTConverter`2.OnWriteResume(Utf8JsonWriter writer, TAsyncEnumerable value, JsonSerializerOptions options, WriteStack& state)
   at System.Text.Json.Serialization.JsonCollectionConverter`2.OnTryWrite(Utf8JsonWriter writer, TCollection value, JsonSerializerOptions options, WriteStack& state)
   at System.Text.Json.Serialization.Converters.IAsyncEnumerableOfTConverter`2.OnTryWrite(Utf8JsonWriter writer, TAsyncEnumerable value, JsonSerializerOptions options, WriteStack& state)
   at System.Text.Json.Serialization.JsonConverter`1.TryWrite(Utf8JsonWriter writer, T& value, JsonSerializerOptions options, WriteStack& state)
   at System.Text.Json.Serialization.JsonConverter`1.WriteCore(Utf8JsonWriter writer, T& value, JsonSerializerOptions options, WriteStack& state)
   at System.Text.Json.Serialization.JsonConverter`1.WriteCoreAsObject(Utf8JsonWriter writer, Object value, JsonSerializerOptions options, WriteStack& state)
   at System.Text.Json.JsonSerializer.WriteCore[TValue](JsonConverter jsonConverter, Utf8JsonWriter writer, TValue& value, JsonSerializerOptions options, WriteStack& state)
   at System.Text.Json.JsonSerializer.WriteStreamAsync[TValue](Stream utf8Json, TValue value, JsonTypeInfo jsonTypeInfo, CancellationToken cancellationToken)
   at System.Text.Json.JsonSerializer.WriteStreamAsync[TValue](Stream utf8Json, TValue value, JsonTypeInfo jsonTypeInfo, CancellationToken cancellationToken)
   at System.Text.Json.JsonSerializer.WriteStreamAsync[TValue](Stream utf8Json, TValue value, JsonTypeInfo jsonTypeInfo, CancellationToken cancellationToken)
   at Microsoft.AspNetCore.Mvc.Formatters.SystemTextJsonOutputFormatter.WriteResponseBodyAsync(OutputFormatterWriteContext context, Encoding selectedEncoding)
   at Microsoft.AspNetCore.Mvc.Infrastructure.ResourceInvoker.<InvokeNextResultFilterAsync>g__Awaited|30_0[TFilter,TFilterAsync](ResourceInvoker invoker, Task lastTask, State next, Scope scope, Object state, Boolean isCompleted)
   at Microsoft.AspNetCore.Mvc.Infrastructure.ResourceInvoker.Rethrow(ResultExecutedContextSealed context)
   at Microsoft.AspNetCore.Mvc.Infrastructure.ResourceInvoker.ResultNext[TFilter,TFilterAsync](State& next, Scope& scope, Object& state, Boolean& isCompleted)
   at Microsoft.AspNetCore.Mvc.Infrastructure.ResourceInvoker.InvokeResultFilters()
--- End of stack trace from previous location ---
   at Microsoft.AspNetCore.Mvc.Infrastructure.ResourceInvoker.<InvokeFilterPipelineAsync>g__Awaited|20_0(ResourceInvoker invoker, Task lastTask, State next, Scope scope, Object state, Boolean isCompleted)
   at Microsoft.AspNetCore.Mvc.Infrastructure.ResourceInvoker.<InvokeAsync>g__Awaited|17_0(ResourceInvoker invoker, Task task, IDisposable scope)
   at Microsoft.AspNetCore.Mvc.Infrastructure.ResourceInvoker.<InvokeAsync>g__Awaited|17_0(ResourceInvoker invoker, Task task, IDisposable scope)
   at Microsoft.AspNetCore.Routing.EndpointMiddleware.<Invoke>g__AwaitRequestTask|6_0(Endpoint endpoint, Task requestTask, ILogger logger)
   at Microsoft.AspNetCore.Authorization.AuthorizationMiddleware.Invoke(HttpContext context)
   at Swashbuckle.AspNetCore.SwaggerUI.SwaggerUIMiddleware.Invoke(HttpContext httpContext)
   at Swashbuckle.AspNetCore.Swagger.SwaggerMiddleware.Invoke(HttpContext httpContext, ISwaggerProvider swaggerProvider)
   at Microsoft.AspNetCore.Diagnostics.DeveloperExceptionPageMiddleware.Invoke(HttpContext context)

2024-02-22 15:44:08.931 +05:30  INF  getting user data
2024-02-22 15:46:20.131 +05:30  INF  getting user data
2024-02-22 15:46:22.048 +05:30  INF  getting user data
2024-02-22 15:46:24.909 +05:30  INF  getting user data
2024-02-22 15:46:29.548 +05:30  INF  getting user data
2024-02-22 15:46:31.401 +05:30  INF  getting user data
2024-02-22 15:46:33.350 +05:30  INF  getting user data
2024-02-22 15:46:37.519 +05:30  INF  getting user data
2024-02-22 15:46:51.954 +05:30  INF  getting user data
2024-02-22 15:47:04.195 +05:30  INF  getting user data
2024-02-22 15:47:11.039 +05:30  INF  getting user data
2024-02-22 15:47:13.317 +05:30  INF  getting user data
2024-02-22 15:47:15.332 +05:30  INF  getting user data
2024-02-22 15:47:24.267 +05:30  INF  getting user data
2024-02-22 15:47:38.915 +05:30  INF  getting user data
2024-02-22 15:47:41.683 +05:30  INF  getting user data
2024-02-22 15:47:55.688 +05:30  INF  getting user data
2024-02-22 15:49:50.119 +05:30  INF  getting user data
2024-02-22 15:51:34.866 +05:30  INF  getting user data
2024-02-22 17:40:03.318 +05:30  INF  getting user data
2024-02-22 17:40:31.494 +05:30  INF  getting user data
2024-02-22 17:40:33.578 +05:30  INF  getting user data
2024-02-22 17:40:58.549 +05:30  INF  getting user data
2024-02-22 17:41:00.287 +05:30  INF  getting user data
2024-02-22 17:41:01.453 +05:30  INF  getting user data
2024-02-22 17:41:02.698 +05:30  INF  getting user data
2024-02-22 17:41:24.580 +05:30  INF  getting user data
2024-02-22 17:41:42.816 +05:30  INF  getting user data
2024-02-22 17:41:43.623 +05:30  INF  getting user data
2024-02-22 17:41:54.632 +05:30  INF  getting user data
2024-02-22 17:42:39.329 +05:30  INF  getting user data
2024-02-22 17:42:43.849 +05:30  INF  getting user data
2024-02-22 17:42:44.667 +05:30  INF  getting user data
2024-02-22 17:42:45.214 +05:30  INF  getting user data
2024-02-22 17:43:10.250 +05:30  INF  getting user data
2024-02-22 17:43:43.186 +05:30  INF  getting user data
2024-02-22 17:44:16.152 +05:30  INF  getting user data
2024-02-22 17:45:01.669 +05:30  INF  getting user data
2024-02-22 17:45:22.140 +05:30  INF  getting user data
2024-02-22 17:45:46.962 +05:30  INF  getting user data
2024-02-22 17:45:55.673 +05:30  INF  getting user data
2024-02-22 17:46:20.406 +05:30  INF  getting user data
2024-02-22 17:46:38.035 +05:30  INF  getting user data
2024-02-22 17:47:10.197 +05:30  INF  getting user data
2024-02-22 17:47:57.337 +05:30  INF  getting user data
2024-02-22 17:48:35.209 +05:30  INF  getting user data
2024-02-22 17:48:59.255 +05:30  INF  getting user data
2024-02-22 17:49:08.425 +05:30  INF  getting user data
2024-02-22 17:49:30.004 +05:30  INF  getting user data
2024-02-22 17:49:45.579 +05:30  INF  getting user data
2024-02-22 17:49:48.683 +05:30  INF  getting user data
2024-02-22 17:50:01.441 +05:30  INF  getting user data
2024-02-22 17:50:04.837 +05:30  INF  getting user data
2024-02-22 17:50:05.864 +05:30  INF  getting user data
2024-02-22 17:50:10.992 +05:30  INF  getting user data
2024-02-22 17:50:32.679 +05:30  INF  getting user data
2024-02-22 17:50:41.558 +05:30  INF  getting user data
2024-02-22 17:50:58.197 +05:30  INF  getting user data
2024-02-22 17:51:32.453 +05:30  INF  getting user data
2024-02-22 17:51:45.653 +05:30  INF  getting user data
2024-02-22 17:52:11.986 +05:30  INF  getting user data
2024-02-22 17:52:42.235 +05:30  INF  getting user data
2024-02-22 17:53:15.357 +05:30  INF  getting user data
2024-02-22 17:53:19.996 +05:30  INF  getting user data
2024-02-22 17:53:20.551 +05:30  INF  getting user data
2024-02-22 17:53:20.739 +05:30  INF  getting user data
2024-02-22 17:53:21.472 +05:30  INF  getting user data
2024-02-22 17:53:40.681 +05:30  INF  getting user data
2024-02-22 17:53:44.550 +05:30  INF  getting user data
2024-02-22 17:54:17.202 +05:30  INF  getting user data
2024-02-22 17:54:45.412 +05:30  INF  getting user data
2024-02-22 17:54:58.858 +05:30  INF  getting user data
2024-02-22 17:55:24.805 +05:30  INF  getting user data
2024-02-22 17:55:58.983 +05:30  INF  getting user data
2024-02-22 17:57:46.247 +05:30  INF  getting user data
2024-02-22 17:58:19.419 +05:30  INF  getting user data
2024-02-22 17:58:32.263 +05:30  INF  getting user data
2024-02-22 17:58:58.596 +05:30  INF  getting user data
2024-02-22 17:59:18.089 +05:30  INF  getting user data
2024-02-22 17:59:50.329 +05:30  INF  getting user data
2024-02-22 18:00:00.066 +05:30  INF  getting user data
2024-02-22 18:00:05.170 +05:30  INF  getting user data
2024-02-22 18:00:15.838 +05:30  INF  getting user data
2024-02-22 18:00:25.022 +05:30  INF  getting user data
2024-02-22 18:00:43.115 +05:30  INF  getting user data
2024-02-22 18:01:30.420 +05:30  INF  getting user data
2024-02-22 18:02:01.603 +05:30  INF  getting user data
2024-02-22 18:02:29.028 +05:30  INF  getting user data
2024-02-22 18:03:29.751 +05:30  INF  getting user data
2024-02-22 18:03:36.491 +05:30  INF  getting user data
2024-02-22 18:03:45.740 +05:30  INF  getting user data
2024-02-22 18:03:49.310 +05:30  INF  getting user data
2024-02-22 18:04:11.105 +05:30  INF  getting user data
2024-02-22 18:04:47.993 +05:30  INF  getting user data
2024-02-22 18:04:49.583 +05:30  INF  getting user data
2024-02-22 18:04:50.408 +05:30  INF  getting user data
2024-02-22 18:04:51.014 +05:30  INF  getting user data
2024-02-22 18:05:14.121 +05:30  INF  getting user data
2024-02-22 18:05:15.637 +05:30  INF  getting user data
2024-02-22 18:05:32.008 +05:30  INF  getting user data
2024-02-22 18:05:38.332 +05:30  INF  getting user data
2024-02-22 18:05:41.905 +05:30  INF  getting user data
2024-02-22 18:06:04.198 +05:30  INF  getting user data
2024-02-22 18:06:09.122 +05:30  INF  getting user data
2024-02-22 18:07:24.625 +05:30  INF  getting user data
2024-02-22 18:07:25.923 +05:30  INF  getting user data
2024-02-22 18:07:26.752 +05:30  INF  getting user data
2024-02-22 18:07:48.797 +05:30  INF  getting user data
2024-02-22 18:07:51.731 +05:30  INF  getting user data
2024-02-22 18:07:52.115 +05:30  INF  getting user data
2024-02-22 18:07:52.744 +05:30  INF  getting user data
2024-02-22 18:08:04.685 +05:30  INF  getting user data
2024-02-22 18:08:24.774 +05:30  INF  getting user data
2024-02-22 18:08:27.072 +05:30  INF  getting user data
2024-02-22 18:08:46.699 +05:30  INF  getting user data
2024-02-22 18:08:48.504 +05:30  INF  getting user data
2024-02-22 18:08:49.268 +05:30  INF  getting user data
2024-02-22 18:08:49.878 +05:30  INF  getting user data
2024-02-22 18:09:04.372 +05:30  INF  getting user data
2024-02-22 18:09:06.587 +05:30  INF  getting user data
2024-02-22 18:09:07.273 +05:30  INF  getting user data
2024-02-22 18:09:07.684 +05:30  INF  getting user data
2024-02-22 18:09:08.681 +05:30  INF  getting user data
2024-02-22 18:09:09.276 +05:30  INF  getting user data
2024-02-22 18:09:09.674 +05:30  INF  getting user data
2024-02-22 18:09:42.980 +05:30  INF  getting user data
2024-02-22 18:09:55.203 +05:30  INF  getting user data
2024-02-22 18:09:55.688 +05:30  INF  getting user data
2024-02-22 18:09:56.571 +05:30  INF  getting user data
2024-02-22 18:09:57.101 +05:30  INF  getting user data
2024-02-22 18:10:17.915 +05:30  INF  getting user data
2024-02-22 18:10:19.940 +05:30  INF  getting user data
2024-02-22 18:10:21.232 +05:30  INF  getting user data
2024-02-22 18:10:38.917 +05:30  INF  getting user data
2024-02-22 18:12:07.422 +05:30  INF  getting user data
2024-02-22 18:14:16.481 +05:30  INF  getting user data
2024-02-22 18:15:37.131 +05:30  INF  getting user data
2024-02-22 18:17:12.052 +05:30  INF  getting user data
2024-02-22 18:17:24.620 +05:30  INF  getting user data
2024-02-22 18:17:32.834 +05:30  INF  getting user data
2024-02-22 18:17:40.171 +05:30  INF  getting user data
2024-02-22 18:17:45.241 +05:30  INF  getting user data
2024-02-22 18:19:20.683 +05:30  INF  getting user data
2024-02-22 19:12:40.954 +05:30  INF  getting user data
2024-02-22 19:12:47.707 +05:30  INF  getting user data
2024-02-22 19:12:54.992 +05:30  INF  getting user data
2024-02-22 19:19:20.966 +05:30  INF  getting user data
2024-02-22 19:19:22.367 +05:30  INF  getting user data
2024-02-22 19:19:25.986 +05:30  INF  getting user data
2024-02-22 19:19:29.021 +05:30  INF  getting user data
2024-02-22 19:19:32.756 +05:30  INF  getting user data
2024-02-22 19:19:34.554 +05:30  INF  getting user data
2024-02-22 19:19:37.309 +05:30  INF  getting user data
2024-02-22 19:22:54.128 +05:30  INF  getting user data
2024-02-22 19:22:58.978 +05:30  INF  getting user data
2024-02-22 19:23:07.893 +05:30  INF  getting user data
2024-02-22 19:23:10.121 +05:30  INF  getting user data
2024-02-22 19:23:12.502 +05:30  INF  getting user data
2024-02-22 19:27:31.084 +05:30  INF  getting user data
2024-02-22 19:27:34.498 +05:30  INF  getting user data
2024-02-22 19:27:35.483 +05:30  INF  getting user data
2024-02-22 19:28:19.002 +05:30  INF  getting user data
2024-02-22 19:29:29.746 +05:30  INF  getting user data
2024-02-22 19:29:33.897 +05:30  INF  getting user data
2024-02-22 19:29:36.679 +05:30  INF  getting user data
2024-02-22 19:30:08.593 +05:30  INF  getting user data
2024-02-22 19:31:08.377 +05:30  INF  getting user data
2024-02-22 19:32:28.638 +05:30  INF  getting user data
2024-02-22 19:32:32.035 +05:30  INF  getting user data
2024-02-22 19:32:32.895 +05:30  INF  getting user data
2024-02-22 19:33:29.759 +05:30  INF  getting user data
2024-02-22 19:33:52.564 +05:30  INF  getting user data
2024-02-22 19:33:57.248 +05:30  INF  getting user data
2024-02-22 19:33:57.964 +05:30  INF  getting user data
2024-02-22 19:33:58.461 +05:30  INF  getting user data
2024-02-22 19:33:58.733 +05:30  INF  getting user data
2024-02-22 19:33:59.005 +05:30  INF  getting user data
2024-02-22 19:33:59.355 +05:30  INF  getting user data
2024-02-22 19:33:59.620 +05:30  INF  getting user data
2024-02-22 19:33:59.871 +05:30  INF  getting user data
2024-02-22 19:35:11.413 +05:30  INF  getting user data
2024-02-22 19:35:17.235 +05:30  INF  getting user data
2024-02-22 19:36:07.453 +05:30  INF  getting user data
2024-02-22 19:36:29.579 +05:30  INF  getting user data
2024-02-22 19:36:38.534 +05:30  INF  getting user data
2024-02-22 19:37:02.129 +05:30  INF  getting user data
2024-02-22 19:37:05.759 +05:30  INF  getting user data
2024-02-22 19:37:19.164 +05:30  INF  getting user data
2024-02-22 19:37:25.357 +05:30  INF  getting user data
2024-02-22 19:38:38.139 +05:30  INF  getting user data
2024-02-22 19:38:44.809 +05:30  INF  getting user data
2024-02-22 19:39:00.659 +05:30  INF  getting user data
2024-02-22 19:40:00.426 +05:30  INF  getting user data
2024-02-22 19:40:33.664 +05:30  INF  getting user data
2024-02-22 19:41:15.070 +05:30  INF  getting user data
2024-02-22 19:41:18.021 +05:30  INF  getting user data
2024-02-22 19:41:23.871 +05:30  INF  getting user data
2024-02-22 19:41:25.535 +05:30  INF  getting user data
2024-02-22 19:48:48.188 +05:30  INF  getting user data
